<?xml version="1.0" encoding="UTF-8"?>
<!-- Generated by org.testng.reporters.JUnitReportReporter -->
<testsuite hostname="KAVIN" failures="0" tests="1" name="hms.admin.testcase.Frontofftest" time="22.296" errors="0" timestamp="2022-04-16T17:23:29 IST" skipped="0">
  <testcase classname="hms.admin.testcase.Frontofftest" name="clickvistorbook" time="22.296"/>
  <system-out/>
</testsuite> <!-- hms.admin.testcase.Frontofftest -->
