<?xml version="1.0" encoding="UTF-8"?>
<!-- Generated by org.testng.reporters.JUnitReportReporter -->
<testsuite hostname="KAVIN" failures="0" tests="3" name="hms.admin.testcase.Addvistortest" time="145.457" errors="0" timestamp="2022-04-25T14:12:29 IST" skipped="0">
  <testcase classname="hms.admin.testcase.Addvistortest" name="addvistor" time="32.773"/>
  <system-out/>
  <testcase classname="hms.admin.testcase.Addvistortest" name="addvistor" time="40.036"/>
  <system-out/>
  <testcase classname="hms.admin.testcase.Addvistortest" name="addvistor" time="72.648"/>
  <system-out/>
</testsuite> <!-- hms.admin.testcase.Addvistortest -->
