<?xml version="1.0" encoding="UTF-8"?>
<!-- Generated by org.testng.reporters.JUnitReportReporter -->
<testsuite hostname="KAVIN" failures="0" tests="1" name="hms.admin.testcase.Dashboradtest" time="21.801" errors="0" timestamp="2022-04-16T17:23:29 IST" skipped="0">
  <testcase classname="hms.admin.testcase.Dashboradtest" name="clickfrontoff" time="21.801"/>
  <system-out/>
</testsuite> <!-- hms.admin.testcase.Dashboradtest -->
